{
  "stats": {
    "suites": 1,
    "tests": 2,
    "passes": 1,
    "pending": 0,
    "failures": 1,
    "start": "2023-07-18T14:27:23.251Z",
    "end": "2023-07-18T14:29:23.732Z",
    "duration": 120481,
    "testsRegistered": 2,
    "passPercent": 50,
    "pendingPercent": 0,
    "other": 0,
    "hasOther": false,
    "skipped": 0,
    "hasSkipped": false
  },
  "results": [
    {
      "uuid": "c9723710-cc15-4f6a-83a1-f22f79eb7e4b",
      "title": "",
      "fullFile": "cypress\\e2e\\Trello\\UI-Tests\\features\\login.feature",
      "file": "cypress\\e2e\\Trello\\UI-Tests\\features\\login.feature",
      "beforeHooks": [],
      "afterHooks": [],
      "tests": [],
      "suites": [
        {
          "uuid": "b9c80465-3136-438d-a8e8-a3d99e01f9e4",
          "title": "Trello UI Login Page",
          "fullFile": "",
          "file": "",
          "beforeHooks": [],
          "afterHooks": [],
          "tests": [
            {
              "title": "Login using valid credentials",
              "fullTitle": "Trello UI Login Page Login using valid credentials",
              "timedOut": null,
              "duration": 72299,
              "state": "failed",
              "speed": null,
              "pass": false,
              "fail": true,
              "pending": false,
              "context": null,
              "code": "const state = window.testState;\nreturn cy\n  .then(() => state.onStartScenario(scenario, indexedSteps))\n  .then(() =>\n    resolveAndRunBeforeHooks.call(this, scenario.tags, state.feature.name)\n  )\n  .then(() =>\n    indexedSteps.forEach((step) =>\n      stepTest.call(this, state, step, rowData)\n    )\n  )\n  .then(() => state.onFinishScenario(scenario));",
              "err": {
                "message": "CypressError: Timed out after waiting `60000ms` for your remote page to load.\n\nYour page did not fire its `load` event within `60000ms`.\n\nYou can try increasing the `pageLoadTimeout` value in `cypress.config.js` to wait longer.\n\nBrowsers will not fire the `load` event until all stylesheets and scripts are done downloading.\n\nWhen this `load` event occurs, Cypress will continue running commands.",
                "estack": "CypressError: Timed out after waiting `60000ms` for your remote page to load.\n\nYour page did not fire its `load` event within `60000ms`.\n\nYou can try increasing the `pageLoadTimeout` value in `cypress.config.js` to wait longer.\n\nBrowsers will not fire the `load` event until all stylesheets and scripts are done downloading.\n\nWhen this `load` event occurs, Cypress will continue running commands.\n    at timedOutWaitingForPageLoad (https://trello.com/__cypress/runner/cypress_runner.js:146902:72)\n    at <unknown> (https://trello.com/__cypress/runner/cypress_runner.js:147200:16)\n    at tryCatcher (https://trello.com/__cypress/runner/cypress_runner.js:18744:23)\n    at <unknown> (https://trello.com/__cypress/runner/cypress_runner.js:13866:41)\n    at tryCatcher (https://trello.com/__cypress/runner/cypress_runner.js:18744:23)\n    at Promise._settlePromiseFromHandler (https://trello.com/__cypress/runner/cypress_runner.js:16679:31)\n    at Promise._settlePromise (https://trello.com/__cypress/runner/cypress_runner.js:16736:18)\n    at Promise._settlePromise0 (https://trello.com/__cypress/runner/cypress_runner.js:16781:10)\n    at Promise._settlePromises (https://trello.com/__cypress/runner/cypress_runner.js:16857:18)\n    at _drainQueueStep (https://trello.com/__cypress/runner/cypress_runner.js:13451:12)\n    at _drainQueue (https://trello.com/__cypress/runner/cypress_runner.js:13444:9)\n    at ../../node_modules/bluebird/js/release/async.js.Async._drainQueues (https://trello.com/__cypress/runner/cypress_runner.js:13460:5)\n    at Async.drainQueues (https://trello.com/__cypress/runner/cypress_runner.js:13330:14)\nFrom Your Spec Code:\n    at Context.stepTest (node_modules/cypress-cucumber-preprocessor/lib/createTestFromScenario.js:35:0)\n    at eval (node_modules/cypress-cucumber-preprocessor/lib/createTestFromScenario.js:54:0)\nat Array.forEach (<anonymous>)\n    at Context.eval (node_modules/cypress-cucumber-preprocessor/lib/createTestFromScenario.js:53:0)",
                "diff": null
              },
              "uuid": "5ec62b82-525a-4b43-b9f1-23fd09cf073f",
              "parentUUID": "b9c80465-3136-438d-a8e8-a3d99e01f9e4",
              "isHook": false,
              "skipped": false
            },
            {
              "title": "Login using invalid credentials",
              "fullTitle": "Trello UI Login Page Login using invalid credentials",
              "timedOut": null,
              "duration": 18448,
              "state": "passed",
              "speed": "slow",
              "pass": true,
              "fail": false,
              "pending": false,
              "context": null,
              "code": "const state = window.testState;\nreturn cy\n  .then(() => state.onStartScenario(scenario, indexedSteps))\n  .then(() =>\n    resolveAndRunBeforeHooks.call(this, scenario.tags, state.feature.name)\n  )\n  .then(() =>\n    indexedSteps.forEach((step) =>\n      stepTest.call(this, state, step, rowData)\n    )\n  )\n  .then(() => state.onFinishScenario(scenario));",
              "err": {},
              "uuid": "0a76b147-f776-4daa-bf3c-b23e2b7248ab",
              "parentUUID": "b9c80465-3136-438d-a8e8-a3d99e01f9e4",
              "isHook": false,
              "skipped": false
            }
          ],
          "suites": [],
          "passes": [
            "0a76b147-f776-4daa-bf3c-b23e2b7248ab"
          ],
          "failures": [
            "5ec62b82-525a-4b43-b9f1-23fd09cf073f"
          ],
          "pending": [],
          "skipped": [],
          "duration": 90747,
          "root": false,
          "rootEmpty": false,
          "_timeout": 2000
        }
      ],
      "passes": [],
      "failures": [],
      "pending": [],
      "skipped": [],
      "duration": 0,
      "root": true,
      "rootEmpty": true,
      "_timeout": 2000
    }
  ],
  "meta": {
    "mocha": {
      "version": "7.0.1"
    },
    "mochawesome": {
      "options": {
        "quiet": false,
        "reportFilename": "mochawesome",
        "saveHtml": true,
        "saveJson": true,
        "consoleReporter": "spec",
        "useInlineDiffs": false,
        "code": true
      },
      "version": "7.1.3"
    },
    "marge": {
      "options": {
        "id": "default"
      },
      "version": "6.2.0"
    }
  }
}